<?xml version="1.0" encoding="utf-8"?>
<!DOCTYPE hibernate-configuration PUBLIC
    "-//Hibernate/Hibernate Configuration DTD 3.0//EN"
    "http://hibernate.sourceforge.net/hibernate-configuration-3.0.dtd">
 
<hibernate-configuration>
    <session-factory>
        <mapping resource="InventoryDrug.hbm.xml" />
        <mapping resource="InventoryDrugFormulation.hbm.xml" />
        <mapping resource="InventoryDrugCategory.hbm.xml"/>
        <mapping resource="InventoryDrugUnit.hbm.xml"/>
    </session-factory>
</hibernate-configuration>